<?xml version="1.0" ?>
<!DOCTYPE coverage SYSTEM "http://cobertura.sourceforge.net/xml/coverage-04.dtd">
<coverage lines-valid="380" lines-covered="272" line-rate="0.7156999999999999" branches-valid="235" branches-covered="116" branch-rate="0.4936" timestamp="1760738809003" complexity="0" version="0.1">
  <sources>
    <source>/home/runner/work/rocks-storefront/rocks-storefront</source>
  </sources>
  <packages>
    <package name="base" line-rate="0.6325999999999999" branch-rate="0.44439999999999996">
      <classes>
        <class name="docs-side-nav.ts" filename="static/js/src/base/docs-side-nav.ts" line-rate="0.5522" branch-rate="0.22719999999999999">
          <methods>
            <method name="toggleDrawer" hits="11" signature="()V">
              <lines>
                <line number="7" hits="11"/>
              </lines>
            </method>
            <method name="throttle" hits="9" signature="()V">
              <lines>
                <line number="35" hits="9"/>
              </lines>
            </method>
            <method name="(anonymous_2)" hits="0" signature="()V">
              <lines>
                <line number="37" hits="0"/>
              </lines>
            </method>
            <method name="(anonymous_3)" hits="0" signature="()V">
              <lines>
                <line number="39" hits="0"/>
              </lines>
            </method>
            <method name="setupSideNavigation" hits="9" signature="()V">
              <lines>
                <line number="49" hits="9"/>
              </lines>
            </method>
            <method name="(anonymous_5)" hits="0" signature="()V">
              <lines>
                <line number="61" hits="0"/>
              </lines>
            </method>
            <method name="(anonymous_6)" hits="3" signature="()V">
              <lines>
                <line number="67" hits="3"/>
              </lines>
            </method>
            <method name="(anonymous_7)" hits="12" signature="()V">
              <lines>
                <line number="74" hits="12"/>
              </lines>
            </method>
            <method name="(anonymous_8)" hits="4" signature="()V">
              <lines>
                <line number="75" hits="4"/>
              </lines>
            </method>
            <method name="(anonymous_9)" hits="0" signature="()V">
              <lines>
                <line number="91" hits="0"/>
              </lines>
            </method>
            <method name="(anonymous_10)" hits="0" signature="()V">
              <lines>
                <line number="92" hits="0"/>
              </lines>
            </method>
            <method name="setupSideNavigations" hits="2" signature="()V">
              <lines>
                <line number="107" hits="2"/>
              </lines>
            </method>
            <method name="(anonymous_12)" hits="0" signature="()V">
              <lines>
                <line number="125" hits="0"/>
              </lines>
            </method>
            <method name="(anonymous_13)" hits="0" signature="()V">
              <lines>
                <line number="145" hits="0"/>
              </lines>
            </method>
            <method name="(anonymous_14)" hits="0" signature="()V">
              <lines>
                <line number="158" hits="0"/>
              </lines>
            </method>
            <method name="(anonymous_15)" hits="0" signature="()V">
              <lines>
                <line number="168" hits="0"/>
              </lines>
            </method>
            <method name="(anonymous_16)" hits="0" signature="()V">
              <lines>
                <line number="170" hits="0"/>
              </lines>
            </method>
          </methods>
          <lines>
            <line number="8" hits="11" branch="false"/>
            <line number="11" hits="11" branch="false"/>
            <line number="15" hits="11" branch="true" condition-coverage="50% (1/2)"/>
            <line number="16" hits="11" branch="true" condition-coverage="100% (2/2)"/>
            <line number="17" hits="6" branch="false"/>
            <line number="18" hits="6" branch="false"/>
            <line number="20" hits="6" branch="false"/>
            <line number="21" hits="6" branch="false"/>
            <line number="22" hits="6" branch="false"/>
            <line number="24" hits="5" branch="false"/>
            <line number="25" hits="5" branch="false"/>
            <line number="27" hits="5" branch="false"/>
            <line number="28" hits="5" branch="false"/>
            <line number="29" hits="5" branch="false"/>
            <line number="36" hits="9" branch="false"/>
            <line number="37" hits="9" branch="false"/>
            <line number="38" hits="0" branch="true" condition-coverage="0% (0/2)"/>
            <line number="39" hits="0" branch="false"/>
            <line number="40" hits="0" branch="false"/>
            <line number="50" hits="9" branch="false"/>
            <line number="53" hits="9" branch="false"/>
            <line number="58" hits="9" branch="false"/>
            <line number="61" hits="9" branch="false"/>
            <line number="62" hits="0" branch="true" condition-coverage="0% (0/2)"/>
            <line number="63" hits="0" branch="false"/>
            <line number="67" hits="9" branch="false"/>
            <line number="68" hits="3" branch="true" condition-coverage="50% (1/2)"/>
            <line number="69" hits="3" branch="false"/>
            <line number="74" hits="9" branch="false"/>
            <line number="75" hits="12" branch="false"/>
            <line number="76" hits="4" branch="false"/>
            <line number="78" hits="4" branch="true" condition-coverage="50% (1/2)"/>
            <line number="79" hits="4" branch="false"/>
            <line number="80" hits="4" branch="false"/>
            <line number="89" hits="9" branch="false"/>
            <line number="92" hits="0" branch="false"/>
            <line number="93" hits="0" branch="false"/>
            <line number="96" hits="0" branch="false"/>
            <line number="97" hits="0" branch="false"/>
            <line number="98" hits="0" branch="false"/>
            <line number="109" hits="2" branch="false"/>
            <line number="113" hits="2" branch="false"/>
            <line number="116" hits="1" branch="false"/>
            <line number="120" hits="1" branch="false"/>
            <line number="125" hits="1" branch="false"/>
            <line number="126" hits="0" branch="false"/>
            <line number="127" hits="0" branch="true" condition-coverage="0% (0/2)"/>
            <line number="128" hits="0" branch="false"/>
            <line number="130" hits="0" branch="false"/>
            <line number="131" hits="0" branch="false"/>
            <line number="134" hits="0" branch="false"/>
            <line number="137" hits="0" branch="true" condition-coverage="0% (0/2)"/>
            <line number="138" hits="0" branch="false"/>
            <line number="140" hits="0" branch="true" condition-coverage="0% (0/2)"/>
            <line number="141" hits="0" branch="false"/>
            <line number="145" hits="1" branch="false"/>
            <line number="146" hits="0" branch="false"/>
            <line number="149" hits="0" branch="false"/>
            <line number="152" hits="0" branch="false"/>
            <line number="155" hits="0" branch="false"/>
            <line number="158" hits="0" branch="false"/>
            <line number="159" hits="0" branch="true" condition-coverage="0% (0/2)"/>
            <line number="160" hits="0" branch="false"/>
            <line number="168" hits="1" branch="false"/>
            <line number="169" hits="0" branch="false"/>
            <line number="170" hits="0" branch="false"/>
            <line number="171" hits="0" branch="false"/>
          </lines>
        </class>
        <class name="navigation.ts" filename="static/js/src/base/navigation.ts" line-rate="0.7391" branch-rate="0.6666">
          <methods>
            <method name="toggleDropdown" hits="8" signature="()V">
              <lines>
                <line number="1" hits="8"/>
              </lines>
            </method>
            <method name="closeAllDropdowns" hits="3" signature="()V">
              <lines>
                <line number="15" hits="3"/>
              </lines>
            </method>
            <method name="(anonymous_2)" hits="3" signature="()V">
              <lines>
                <line number="16" hits="3"/>
              </lines>
            </method>
            <method name="handleClickOutside" hits="2" signature="()V">
              <lines>
                <line number="21" hits="2"/>
              </lines>
            </method>
            <method name="(anonymous_4)" hits="2" signature="()V">
              <lines>
                <line number="25" hits="2"/>
              </lines>
            </method>
            <method name="initNavDropdowns" hits="1" signature="()V">
              <lines>
                <line number="36" hits="1"/>
              </lines>
            </method>
            <method name="(anonymous_6)" hits="0" signature="()V">
              <lines>
                <line number="43" hits="0"/>
              </lines>
            </method>
            <method name="(anonymous_7)" hits="0" signature="()V">
              <lines>
                <line number="44" hits="0"/>
              </lines>
            </method>
          </methods>
          <lines>
            <line number="2" hits="8" branch="false"/>
            <line number="3" hits="8" branch="false"/>
            <line number="6" hits="8" branch="false"/>
            <line number="8" hits="8" branch="true" condition-coverage="100% (2/2)"/>
            <line number="9" hits="4" branch="false"/>
            <line number="11" hits="4" branch="false"/>
            <line number="16" hits="3" branch="false"/>
            <line number="17" hits="3" branch="false"/>
            <line number="25" hits="2" branch="false"/>
            <line number="26" hits="2" branch="false"/>
            <line number="28" hits="2" branch="true" condition-coverage="50% (1/2)"/>
            <line number="29" hits="2" branch="true" condition-coverage="50% (1/2)"/>
            <line number="30" hits="2" branch="false"/>
            <line number="37" hits="1" branch="false"/>
            <line number="41" hits="1" branch="false"/>
            <line number="43" hits="1" branch="false"/>
            <line number="44" hits="0" branch="false"/>
            <line number="45" hits="0" branch="false"/>
            <line number="47" hits="0" branch="false"/>
            <line number="48" hits="0" branch="false"/>
            <line number="50" hits="0" branch="false"/>
            <line number="51" hits="0" branch="false"/>
            <line number="56" hits="1" branch="false"/>
          </lines>
        </class>
        <class name="tooltip-icon-modal.js" filename="static/js/src/base/tooltip-icon-modal.js" line-rate="1" branch-rate="0.875">
          <methods>
            <method name="toggleModal" hits="6" signature="()V">
              <lines>
                <line number="5" hits="6"/>
              </lines>
            </method>
            <method name="(anonymous_1)" hits="3" signature="()V">
              <lines>
                <line number="16" hits="3"/>
              </lines>
            </method>
          </methods>
          <lines>
            <line number="6" hits="6" branch="true" condition-coverage="100% (4/4)"/>
            <line number="7" hits="5" branch="true" condition-coverage="100% (2/2)"/>
            <line number="8" hits="3" branch="false"/>
            <line number="10" hits="2" branch="false"/>
            <line number="16" hits="1" branch="false"/>
            <line number="17" hits="3" branch="false"/>
            <line number="18" hits="3" branch="true" condition-coverage="50% (1/2)"/>
            <line number="19" hits="3" branch="false"/>
          </lines>
        </class>
      </classes>
    </package>
    <package name="libs" line-rate="0.9375" branch-rate="0.9229999999999999">
      <classes>
        <class name="truncate-string.js" filename="static/js/src/libs/truncate-string.js" line-rate="0.9375" branch-rate="0.9229999999999999">
          <methods>
            <method name="truncateString" hits="13" signature="()V">
              <lines>
                <line number="8" hits="13"/>
              </lines>
            </method>
          </methods>
          <lines>
            <line number="12" hits="13" branch="true" condition-coverage="100% (2/2)"/>
            <line number="13" hits="2" branch="false"/>
            <line number="17" hits="11" branch="true" condition-coverage="100% (2/2)"/>
            <line number="18" hits="1" branch="false"/>
            <line number="22" hits="10" branch="true" condition-coverage="100% (2/2)"/>
            <line number="23" hits="4" branch="false"/>
            <line number="27" hits="6" branch="true" condition-coverage="50% (1/2)"/>
            <line number="28" hits="6" branch="false"/>
            <line number="30" hits="0" branch="false"/>
            <line number="34" hits="6" branch="true" condition-coverage="100% (2/2)"/>
            <line number="35" hits="1" branch="false"/>
            <line number="38" hits="5" branch="false"/>
            <line number="39" hits="5" branch="false"/>
            <line number="41" hits="5" branch="true" condition-coverage="100% (2/2)"/>
            <line number="42" hits="4" branch="false"/>
            <line number="44" hits="5" branch="false"/>
          </lines>
        </class>
      </classes>
    </package>
    <package name="public" line-rate="1" branch-rate="0.9285">
      <classes>
        <class name="navigation-events.ts" filename="static/js/src/public/navigation-events.ts" line-rate="1" branch-rate="0.9285">
          <methods>
            <method name="addGANavEvents" hits="6" signature="()V">
              <lines>
                <line number="11" hits="6"/>
              </lines>
            </method>
            <method name="(anonymous_1)" hits="3" signature="()V">
              <lines>
                <line number="14" hits="3"/>
              </lines>
            </method>
            <method name="(anonymous_2)" hits="3" signature="()V">
              <lines>
                <line number="15" hits="3"/>
              </lines>
            </method>
            <method name="addGAContentEvents" hits="3" signature="()V">
              <lines>
                <line number="31" hits="3"/>
              </lines>
            </method>
            <method name="(anonymous_4)" hits="5" signature="()V">
              <lines>
                <line number="34" hits="5"/>
              </lines>
            </method>
            <method name="(anonymous_5)" hits="5" signature="()V">
              <lines>
                <line number="53" hits="5"/>
              </lines>
            </method>
          </methods>
          <lines>
            <line number="1" hits="3" branch="false"/>
            <line number="3" hits="3" branch="false"/>
            <line number="7" hits="3" branch="false"/>
            <line number="9" hits="3" branch="false"/>
            <line number="12" hits="6" branch="false"/>
            <line number="13" hits="6" branch="true" condition-coverage="100% (2/2)"/>
            <line number="14" hits="2" branch="false"/>
            <line number="15" hits="3" branch="false"/>
            <line number="16" hits="3" branch="false"/>
            <line number="29" hits="3" branch="false"/>
            <line number="32" hits="3" branch="false"/>
            <line number="33" hits="3" branch="true" condition-coverage="100% (2/2)"/>
            <line number="34" hits="1" branch="false"/>
            <line number="37" hits="5" branch="true" condition-coverage="100% (2/2)"/>
            <line number="38" hits="1" branch="false"/>
            <line number="40" hits="4" branch="true" condition-coverage="100% (2/2)"/>
            <line number="41" hits="1" branch="false"/>
            <line number="43" hits="3" branch="true" condition-coverage="100% (2/2)"/>
            <line number="44" hits="1" branch="false"/>
            <line number="46" hits="2" branch="true" condition-coverage="100% (2/2)"/>
            <line number="47" hits="1" branch="false"/>
            <line number="50" hits="1" branch="false"/>
            <line number="52" hits="5" branch="true" condition-coverage="50% (1/2)"/>
            <line number="53" hits="5" branch="false"/>
            <line number="54" hits="5" branch="false"/>
          </lines>
        </class>
      </classes>
    </package>
    <package name="public.details" line-rate="0.9468000000000001" branch-rate="0.6607">
      <classes>
        <class name="historyState.js" filename="static/js/src/public/details/historyState.js" line-rate="1" branch-rate="1">
          <methods>
            <method name="(anonymous_0)" hits="12" signature="()V">
              <lines>
                <line number="2" hits="12"/>
              </lines>
            </method>
            <method name="(anonymous_1)" hits="13" signature="()V">
              <lines>
                <line number="6" hits="13"/>
              </lines>
            </method>
            <method name="(anonymous_2)" hits="4" signature="()V">
              <lines>
                <line number="7" hits="4"/>
              </lines>
            </method>
            <method name="(anonymous_3)" hits="14" signature="()V">
              <lines>
                <line number="13" hits="14"/>
              </lines>
            </method>
            <method name="(anonymous_4)" hits="3" signature="()V">
              <lines>
                <line number="25" hits="3"/>
              </lines>
            </method>
          </methods>
          <lines>
            <line number="3" hits="12" branch="false"/>
            <line number="4" hits="12" branch="false"/>
            <line number="6" hits="12" branch="false"/>
            <line number="7" hits="13" branch="false"/>
            <line number="8" hits="4" branch="false"/>
            <line number="14" hits="14" branch="true" condition-coverage="100% (2/2)"/>
            <line number="15" hits="9" branch="false"/>
            <line number="16" hits="9" branch="true" condition-coverage="100% (2/2)"/>
            <line number="17" hits="7" branch="false"/>
            <line number="20" hits="5" branch="false"/>
            <line number="22" hits="14" branch="false"/>
            <line number="26" hits="3" branch="false"/>
          </lines>
        </class>
        <class name="index.ts" filename="static/js/src/public/details/index.ts" line-rate="0.9166" branch-rate="0.5882000000000001">
          <methods>
            <method name="(anonymous_0)" hits="4" signature="()V">
              <lines>
                <line number="4" hits="4"/>
              </lines>
            </method>
            <method name="(anonymous_1)" hits="2" signature="()V">
              <lines>
                <line number="16" hits="2"/>
              </lines>
            </method>
            <method name="(anonymous_2)" hits="2" signature="()V">
              <lines>
                <line number="30" hits="2"/>
              </lines>
            </method>
          </methods>
          <lines>
            <line number="4" hits="1" branch="false"/>
            <line number="5" hits="4" branch="false"/>
            <line number="7" hits="4" branch="false"/>
            <line number="10" hits="4" branch="true" condition-coverage="50% (1/2)"/>
            <line number="11" hits="4" branch="false"/>
            <line number="14" hits="4" branch="false"/>
            <line number="15" hits="4" branch="true" condition-coverage="50% (1/2)"/>
            <line number="16" hits="4" branch="false"/>
            <line number="17" hits="2" branch="false"/>
            <line number="20" hits="2" branch="false"/>
            <line number="21" hits="2" branch="true" condition-coverage="50% (1/2)"/>
            <line number="22" hits="0" branch="false"/>
            <line number="24" hits="2" branch="false"/>
            <line number="25" hits="2" branch="true" condition-coverage="50% (1/2)"/>
            <line number="26" hits="2" branch="false"/>
            <line number="30" hits="4" branch="false"/>
            <line number="31" hits="2" branch="false"/>
            <line number="33" hits="2" branch="true" condition-coverage="66.66666666666666% (2/3)"/>
            <line number="34" hits="0" branch="false"/>
            <line number="37" hits="2" branch="true" condition-coverage="75% (3/4)"/>
            <line number="38" hits="2" branch="false"/>
            <line number="43" hits="4" branch="false"/>
            <line number="44" hits="4" branch="true" condition-coverage="50% (1/2)"/>
            <line number="45" hits="4" branch="false"/>
          </lines>
        </class>
        <class name="tableOfContents.ts" filename="static/js/src/public/details/tableOfContents.ts" line-rate="0.9481999999999999" branch-rate="0.6570999999999999">
          <methods>
            <method name="(anonymous_0)" hits="9" signature="()V">
              <lines>
                <line number="17" hits="9"/>
              </lines>
            </method>
            <method name="(anonymous_1)" hits="18" signature="()V">
              <lines>
                <line number="25" hits="18"/>
              </lines>
            </method>
            <method name="(anonymous_2)" hits="1" signature="()V">
              <lines>
                <line number="52" hits="1"/>
              </lines>
            </method>
            <method name="(anonymous_3)" hits="1" signature="()V">
              <lines>
                <line number="59" hits="1"/>
              </lines>
            </method>
            <method name="(anonymous_4)" hits="2" signature="()V">
              <lines>
                <line number="62" hits="2"/>
              </lines>
            </method>
            <method name="(anonymous_5)" hits="23" signature="()V">
              <lines>
                <line number="75" hits="23"/>
              </lines>
            </method>
            <method name="(anonymous_6)" hits="46" signature="()V">
              <lines>
                <line number="78" hits="46"/>
              </lines>
            </method>
            <method name="(anonymous_7)" hits="24" signature="()V">
              <lines>
                <line number="85" hits="24"/>
              </lines>
            </method>
            <method name="(anonymous_8)" hits="19" signature="()V">
              <lines>
                <line number="95" hits="19"/>
              </lines>
            </method>
            <method name="(anonymous_9)" hits="38" signature="()V">
              <lines>
                <line number="96" hits="38"/>
              </lines>
            </method>
            <method name="(anonymous_10)" hits="17" signature="()V">
              <lines>
                <line number="108" hits="17"/>
              </lines>
            </method>
            <method name="(anonymous_11)" hits="9" signature="()V">
              <lines>
                <line number="123" hits="9"/>
              </lines>
            </method>
            <method name="(anonymous_12)" hits="4" signature="()V">
              <lines>
                <line number="124" hits="4"/>
              </lines>
            </method>
            <method name="(anonymous_13)" hits="8" signature="()V">
              <lines>
                <line number="130" hits="8"/>
              </lines>
            </method>
          </methods>
          <lines>
            <line number="18" hits="9" branch="false"/>
            <line number="19" hits="9" branch="false"/>
            <line number="20" hits="9" branch="false"/>
            <line number="21" hits="9" branch="false"/>
            <line number="23" hits="9" branch="false"/>
            <line number="25" hits="9" branch="false"/>
            <line number="26" hits="18" branch="false"/>
            <line number="27" hits="18" branch="false"/>
            <line number="28" hits="18" branch="false"/>
            <line number="30" hits="18" branch="true" condition-coverage="50% (1/2)"/>
            <line number="35" hits="0" branch="false"/>
            <line number="38" hits="18" branch="false"/>
            <line number="47" hits="9" branch="false"/>
            <line number="48" hits="9" branch="false"/>
            <line number="49" hits="9" branch="false"/>
            <line number="53" hits="1" branch="false"/>
            <line number="54" hits="1" branch="true" condition-coverage="50% (1/2)"/>
            <line number="55" hits="1" branch="false"/>
            <line number="60" hits="1" branch="true" condition-coverage="50% (1/2)"/>
            <line number="61" hits="1" branch="true" condition-coverage="75% (3/4)"/>
            <line number="62" hits="1" branch="false"/>
            <line number="63" hits="2" branch="true" condition-coverage="100% (2/2)"/>
            <line number="64" hits="1" branch="false"/>
            <line number="66" hits="1" branch="false"/>
            <line number="70" hits="1" branch="false"/>
            <line number="78" hits="23" branch="false"/>
            <line number="79" hits="46" branch="true" condition-coverage="100% (2/2)"/>
            <line number="80" hits="11" branch="false"/>
            <line number="84" hits="23" branch="true" condition-coverage="100% (2/2)"/>
            <line number="85" hits="12" branch="false"/>
            <line number="86" hits="24" branch="true" condition-coverage="100% (2/2)"/>
            <line number="87" hits="12" branch="false"/>
            <line number="92" hits="23" branch="false"/>
            <line number="96" hits="19" branch="false"/>
            <line number="97" hits="38" branch="false"/>
            <line number="98" hits="38" branch="true" condition-coverage="50% (1/2)"/>
            <line number="99" hits="38" branch="false"/>
            <line number="100" hits="38" branch="false"/>
            <line number="102" hits="38" branch="true" condition-coverage="50% (1/2)"/>
            <line number="103" hits="0" branch="false"/>
            <line number="109" hits="17" branch="false"/>
            <line number="110" hits="17" branch="false"/>
            <line number="112" hits="17" branch="true" condition-coverage="50% (1/2)"/>
            <line number="113" hits="17" branch="true" condition-coverage="50% (1/2)"/>
            <line number="114" hits="17" branch="false"/>
            <line number="115" hits="17" branch="false"/>
            <line number="117" hits="17" branch="true" condition-coverage="50% (1/2)"/>
            <line number="118" hits="0" branch="false"/>
            <line number="124" hits="9" branch="false"/>
            <line number="125" hits="4" branch="false"/>
            <line number="126" hits="4" branch="false"/>
            <line number="129" hits="4" branch="true" condition-coverage="50% (1/2)"/>
            <line number="130" hits="4" branch="false"/>
            <line number="131" hits="8" branch="true" condition-coverage="100% (2/2)"/>
            <line number="132" hits="4" branch="false"/>
            <line number="134" hits="4" branch="false"/>
            <line number="139" hits="4" branch="false"/>
            <line number="140" hits="4" branch="false"/>
          </lines>
        </class>
      </classes>
    </package>
    <package name="public.details.overview" line-rate="1" branch-rate="0.7">
      <classes>
        <class name="index.js" filename="static/js/src/public/details/overview/index.js" line-rate="1" branch-rate="0.7">
          <methods>
            <method name="(anonymous_0)" hits="7" signature="()V">
              <lines>
                <line number="3" hits="7"/>
              </lines>
            </method>
            <method name="(anonymous_1)" hits="1" signature="()V">
              <lines>
                <line number="19" hits="1"/>
              </lines>
            </method>
            <method name="(anonymous_2)" hits="7" signature="()V">
              <lines>
                <line number="28" hits="7"/>
              </lines>
            </method>
            <method name="(anonymous_3)" hits="2" signature="()V">
              <lines>
                <line number="37" hits="2"/>
              </lines>
            </method>
            <method name="(anonymous_4)" hits="1" signature="()V">
              <lines>
                <line number="42" hits="1"/>
              </lines>
            </method>
            <method name="(anonymous_5)" hits="1" signature="()V">
              <lines>
                <line number="47" hits="1"/>
              </lines>
            </method>
            <method name="(anonymous_6)" hits="6" signature="()V">
              <lines>
                <line number="52" hits="6"/>
              </lines>
            </method>
            <method name="(anonymous_7)" hits="7" signature="()V">
              <lines>
                <line number="60" hits="7"/>
              </lines>
            </method>
          </methods>
          <lines>
            <line number="3" hits="1" branch="false"/>
            <line number="4" hits="7" branch="false"/>
            <line number="6" hits="7" branch="true" condition-coverage="50% (1/2)"/>
            <line number="7" hits="7" branch="false"/>
            <line number="8" hits="7" branch="false"/>
            <line number="11" hits="7" branch="false"/>
            <line number="13" hits="7" branch="true" condition-coverage="100% (2/2)"/>
            <line number="14" hits="3" branch="false"/>
            <line number="15" hits="3" branch="false"/>
            <line number="17" hits="3" branch="false"/>
            <line number="19" hits="3" branch="false"/>
            <line number="20" hits="1" branch="false"/>
            <line number="21" hits="1" branch="false"/>
            <line number="22" hits="1" branch="false"/>
            <line number="28" hits="1" branch="false"/>
            <line number="29" hits="7" branch="false"/>
            <line number="30" hits="7" branch="false"/>
            <line number="32" hits="7" branch="true" condition-coverage="75% (3/4)"/>
            <line number="33" hits="7" branch="false"/>
            <line number="37" hits="7" branch="false"/>
            <line number="38" hits="2" branch="false"/>
            <line number="39" hits="2" branch="false"/>
            <line number="42" hits="7" branch="false"/>
            <line number="43" hits="1" branch="false"/>
            <line number="44" hits="1" branch="false"/>
            <line number="47" hits="7" branch="false"/>
            <line number="48" hits="1" branch="false"/>
            <line number="49" hits="1" branch="false"/>
            <line number="52" hits="7" branch="false"/>
            <line number="53" hits="6" branch="true" condition-coverage="50% (1/2)"/>
            <line number="54" hits="6" branch="false"/>
            <line number="60" hits="1" branch="false"/>
            <line number="61" hits="7" branch="false"/>
            <line number="62" hits="7" branch="false"/>
          </lines>
        </class>
      </classes>
    </package>
    <package name="public.icon-validator" line-rate="0.24239999999999998" branch-rate="0.1">
      <classes>
        <class name="index.tsx" filename="static/js/src/public/icon-validator/index.tsx" line-rate="0.24239999999999998" branch-rate="0.1">
          <methods>
            <method name="App" hits="2" signature="()V">
              <lines>
                <line number="19" hits="2"/>
              </lines>
            </method>
            <method name="(anonymous_1)" hits="0" signature="()V">
              <lines>
                <line number="32" hits="0"/>
              </lines>
            </method>
            <method name="(anonymous_2)" hits="2" signature="()V">
              <lines>
                <line number="42" hits="2"/>
              </lines>
            </method>
            <method name="(anonymous_3)" hits="2" signature="()V">
              <lines>
                <line number="46" hits="2"/>
              </lines>
            </method>
            <method name="(anonymous_4)" hits="0" signature="()V">
              <lines>
                <line number="64" hits="0"/>
              </lines>
            </method>
            <method name="(anonymous_5)" hits="0" signature="()V">
              <lines>
                <line number="94" hits="0"/>
              </lines>
            </method>
            <method name="(anonymous_6)" hits="0" signature="()V">
              <lines>
                <line number="139" hits="0"/>
              </lines>
            </method>
          </methods>
          <lines>
            <line number="20" hits="2" branch="false"/>
            <line number="21" hits="2" branch="false"/>
            <line number="22" hits="2" branch="false"/>
            <line number="23" hits="2" branch="false"/>
            <line number="24" hits="2" branch="false"/>
            <line number="25" hits="2" branch="false"/>
            <line number="28" hits="2" branch="false"/>
            <line number="32" hits="2" branch="false"/>
            <line number="33" hits="0" branch="false"/>
            <line number="34" hits="0" branch="false"/>
            <line number="35" hits="0" branch="false"/>
            <line number="36" hits="0" branch="false"/>
            <line number="37" hits="0" branch="false"/>
            <line number="38" hits="0" branch="false"/>
            <line number="41" hits="2" branch="false"/>
            <line number="42" hits="2" branch="true" condition-coverage="25% (1/4)"/>
            <line number="46" hits="2" branch="false"/>
            <line number="47" hits="2" branch="true" condition-coverage="50% (1/2)"/>
            <line number="48" hits="2" branch="false"/>
            <line number="50" hits="0" branch="false"/>
            <line number="51" hits="0" branch="false"/>
            <line number="53" hits="0" branch="true" condition-coverage="0% (0/2)"/>
            <line number="54" hits="0" branch="false"/>
            <line number="57" hits="0" branch="false"/>
            <line number="59" hits="0" branch="true" condition-coverage="0% (0/2)"/>
            <line number="60" hits="0" branch="false"/>
            <line number="63" hits="0" branch="false"/>
            <line number="64" hits="0" branch="false"/>
            <line number="65" hits="0" branch="true" condition-coverage="0% (0/4)"/>
            <line number="66" hits="0" branch="false"/>
            <line number="67" hits="0" branch="false"/>
            <line number="70" hits="0" branch="false"/>
            <line number="71" hits="0" branch="false"/>
            <line number="73" hits="0" branch="true" condition-coverage="0% (0/2)"/>
            <line number="74" hits="0" branch="false"/>
            <line number="75" hits="0" branch="false"/>
            <line number="77" hits="0" branch="false"/>
            <line number="78" hits="0" branch="false"/>
            <line number="79" hits="0" branch="false"/>
            <line number="80" hits="0" branch="false"/>
            <line number="81" hits="0" branch="false"/>
            <line number="82" hits="0" branch="false"/>
            <line number="84" hits="0" branch="true" condition-coverage="0% (0/4)"/>
            <line number="85" hits="0" branch="false"/>
            <line number="86" hits="0" branch="true" condition-coverage="0% (0/5)"/>
            <line number="87" hits="0" branch="false"/>
            <line number="89" hits="0" branch="false"/>
            <line number="93" hits="0" branch="false"/>
            <line number="94" hits="0" branch="false"/>
            <line number="95" hits="0" branch="false"/>
            <line number="96" hits="0" branch="true" condition-coverage="0% (0/4)"/>
            <line number="97" hits="0" branch="false"/>
            <line number="98" hits="0" branch="true" condition-coverage="0% (0/4)"/>
            <line number="99" hits="0" branch="false"/>
            <line number="101" hits="0" branch="false"/>
            <line number="104" hits="0" branch="true" condition-coverage="0% (0/4)"/>
            <line number="105" hits="0" branch="false"/>
            <line number="107" hits="0" branch="false"/>
            <line number="111" hits="0" branch="false"/>
            <line number="113" hits="0" branch="false"/>
            <line number="115" hits="2" branch="false"/>
            <line number="139" hits="0" branch="false"/>
            <line number="259" hits="1" branch="false"/>
            <line number="261" hits="1" branch="true" condition-coverage="50% (1/2)"/>
            <line number="262" hits="0" branch="false"/>
            <line number="263" hits="0" branch="false"/>
          </lines>
        </class>
      </classes>
    </package>
    <package name="store.App" line-rate="1" branch-rate="1">
      <classes>
        <class name="App.tsx" filename="static/js/src/store/App/App.tsx" line-rate="1" branch-rate="1">
          <methods>
            <method name="App" hits="1" signature="()V">
              <lines>
                <line number="5" hits="1"/>
              </lines>
            </method>
          </methods>
          <lines>
            <line number="6" hits="1" branch="false"/>
            <line number="15" hits="1" branch="false"/>
          </lines>
        </class>
      </classes>
    </package>
    <package name="store.components.Banner" line-rate="1" branch-rate="1">
      <classes>
        <class name="Banner.tsx" filename="static/js/src/store/components/Banner/Banner.tsx" line-rate="1" branch-rate="1">
          <methods>
            <method name="Banner" hits="1" signature="()V">
              <lines>
                <line number="4" hits="1"/>
              </lines>
            </method>
          </methods>
          <lines>
            <line number="5" hits="1" branch="false"/>
          </lines>
        </class>
      </classes>
    </package>
    <package name="store.components.Packages" line-rate="0.6666" branch-rate="0.625">
      <classes>
        <class name="Packages.tsx" filename="static/js/src/store/components/Packages/Packages.tsx" line-rate="0.6666" branch-rate="0.625">
          <methods>
            <method name="Packages" hits="5" signature="()V">
              <lines>
                <line number="24" hits="5"/>
              </lines>
            </method>
            <method name="(anonymous_1)" hits="0" signature="()V">
              <lines>
                <line number="39" hits="0"/>
              </lines>
            </method>
            <method name="(anonymous_2)" hits="48" signature="()V">
              <lines>
                <line number="71" hits="48"/>
              </lines>
            </method>
            <method name="(anonymous_3)" hits="0" signature="()V">
              <lines>
                <line number="80" hits="0"/>
              </lines>
            </method>
          </methods>
          <lines>
            <line number="13" hits="1" branch="false"/>
            <line number="32" hits="5" branch="false"/>
            <line number="34" hits="5" branch="true" condition-coverage="100% (2/2)"/>
            <line number="36" hits="5" branch="true" condition-coverage="100% (2/2)"/>
            <line number="37" hits="5" branch="false"/>
            <line number="39" hits="5" branch="false"/>
            <line number="40" hits="0" branch="false"/>
            <line number="41" hits="0" branch="false"/>
            <line number="42" hits="0" branch="false"/>
            <line number="45" hits="5" branch="false"/>
            <line number="72" hits="48" branch="false"/>
            <line number="81" hits="0" branch="false"/>
          </lines>
        </class>
        <class name="index.ts" filename="static/js/src/store/components/Packages/index.ts" line-rate="0" branch-rate="0">
          <methods>
          </methods>
          <lines>
          </lines>
        </class>
      </classes>
    </package>
    <package name="store.components.SearchInput" line-rate="0.4705" branch-rate="0.6666">
      <classes>
        <class name="SearchInput.tsx" filename="static/js/src/store/components/SearchInput/SearchInput.tsx" line-rate="0.4705" branch-rate="0.6666">
          <methods>
            <method name="SearchInput" hits="1" signature="()V">
              <lines>
                <line number="5" hits="1"/>
              </lines>
            </method>
            <method name="(anonymous_1)" hits="1" signature="()V">
              <lines>
                <line number="8" hits="1"/>
              </lines>
            </method>
            <method name="(anonymous_2)" hits="1" signature="()V">
              <lines>
                <line number="11" hits="1"/>
              </lines>
            </method>
            <method name="(anonymous_3)" hits="0" signature="()V">
              <lines>
                <line number="15" hits="0"/>
              </lines>
            </method>
            <method name="(anonymous_4)" hits="0" signature="()V">
              <lines>
                <line number="24" hits="0"/>
              </lines>
            </method>
            <method name="(anonymous_5)" hits="0" signature="()V">
              <lines>
                <line number="42" hits="0"/>
              </lines>
            </method>
          </methods>
          <lines>
            <line number="6" hits="1" branch="false"/>
            <line number="7" hits="1" branch="false"/>
            <line number="8" hits="1" branch="true" condition-coverage="100% (2/2)"/>
            <line number="11" hits="1" branch="false"/>
            <line number="12" hits="1" branch="true" condition-coverage="100% (2/2)"/>
            <line number="15" hits="1" branch="false"/>
            <line number="16" hits="0" branch="false"/>
            <line number="17" hits="0" branch="true" condition-coverage="0% (0/2)"/>
            <line number="18" hits="0" branch="false"/>
            <line number="19" hits="0" branch="false"/>
            <line number="20" hits="0" branch="false"/>
            <line number="24" hits="1" branch="false"/>
            <line number="25" hits="0" branch="false"/>
            <line number="26" hits="0" branch="false"/>
            <line number="27" hits="0" branch="false"/>
            <line number="30" hits="1" branch="false"/>
            <line number="42" hits="0" branch="false"/>
          </lines>
        </class>
        <class name="index.ts" filename="static/js/src/store/components/SearchInput/index.ts" line-rate="0" branch-rate="0">
          <methods>
          </methods>
          <lines>
          </lines>
        </class>
      </classes>
    </package>
    <package name="store.pages.Store" line-rate="0.8" branch-rate="0.8332999999999999">
      <classes>
        <class name="Store.tsx" filename="static/js/src/store/pages/Store/Store.tsx" line-rate="0.8" branch-rate="0.8332999999999999">
          <methods>
            <method name="Store" hits="5" signature="()V">
              <lines>
                <line number="6" hits="5"/>
              </lines>
            </method>
            <method name="(anonymous_1)" hits="3" signature="()V">
              <lines>
                <line number="11" hits="3"/>
              </lines>
            </method>
            <method name="(anonymous_2)" hits="0" signature="()V">
              <lines>
                <line number="21" hits="0"/>
              </lines>
            </method>
            <method name="(anonymous_3)" hits="0" signature="()V">
              <lines>
                <line number="46" hits="0"/>
              </lines>
            </method>
          </methods>
          <lines>
            <line number="7" hits="5" branch="false"/>
            <line number="8" hits="5" branch="true" condition-coverage="100% (2/2)"/>
            <line number="9" hits="5" branch="true" condition-coverage="100% (2/2)"/>
            <line number="11" hits="5" branch="false"/>
            <line number="12" hits="3" branch="false"/>
            <line number="14" hits="3" branch="true" condition-coverage="50% (1/2)"/>
            <line number="15" hits="0" branch="false"/>
            <line number="18" hits="3" branch="false"/>
            <line number="19" hits="1" branch="false"/>
            <line number="21" hits="1" branch="false"/>
            <line number="26" hits="1" branch="false"/>
            <line number="33" hits="5" branch="false"/>
            <line number="38" hits="5" branch="false"/>
            <line number="47" hits="0" branch="false"/>
            <line number="48" hits="0" branch="false"/>
          </lines>
        </class>
      </classes>
    </package>
  </packages>
</coverage>
